{
  "stats": {
    "suites": 1,
    "tests": 1,
    "passes": 0,
    "pending": 0,
    "failures": 1,
    "start": "2022-07-29T19:03:25.244Z",
    "end": "2022-07-29T19:03:27.369Z",
    "duration": 2125,
    "testsRegistered": 1,
    "passPercent": 0,
    "pendingPercent": 0,
    "other": 0,
    "hasOther": false,
    "skipped": 0,
    "hasSkipped": false
  },
  "results": [
    {
      "uuid": "78bb31b2-e860-4cad-baf3-4cdf19921c47",
      "title": "",
      "fullFile": "cypress/integration/06.ExpensesTable_spec.js",
      "file": "cypress/integration/06.ExpensesTable_spec.js",
      "beforeHooks": [],
      "afterHooks": [],
      "tests": [],
      "suites": [
        {
          "uuid": "1ed800a1-f308-411e-a5ea-2c949a9b3516",
          "title": "6 - Desenvolva uma tabela com os gastos contendo as seguintes características:",
          "fullFile": "",
          "file": "",
          "beforeHooks": [],
          "afterHooks": [],
          "tests": [
            {
              "title": "A tabela deve possuir um cabeçalho com os campos Descrição, Tag, Método de pagamento, Valor, Moeda, Câmbio utilizado, Valor convertido e Moeda de conversão",
              "fullTitle": "6 - Desenvolva uma tabela com os gastos contendo as seguintes características: A tabela deve possuir um cabeçalho com os campos Descrição, Tag, Método de pagamento, Valor, Moeda, Câmbio utilizado, Valor convertido e Moeda de conversão",
              "timedOut": null,
              "duration": 1037,
              "state": "failed",
              "speed": null,
              "pass": false,
              "fail": true,
              "pending": false,
              "context": null,
              "code": "cy.get('th').should('have.length', _constants.tableHeaderList.length);\ncy.wrap(_constants.tableHeaderList).each(header => {\n  cy.get('th').contains(header);\n});",
              "err": {
                "message": "TypeError: The following error originated from your application code, not from Cypress.\n\n  > Cannot read properties of undefined (reading 'props')\n\nWhen Cypress detects uncaught errors originating from your application it will automatically fail the current test.\n\nThis behavior is configurable, and you can choose to turn this off by listening to the `uncaught:exception` event.\n\nhttps://on.cypress.io/uncaught-exception-from-application\n\nBecause this error occurred during a `before each` hook we are skipping the remaining tests in the current suite: `6 - Desenvolva uma tabela c...`",
                "estack": "TypeError: The following error originated from your application code, not from Cypress.\n\n  > Cannot read properties of undefined (reading 'props')\n\nWhen Cypress detects uncaught errors originating from your application it will automatically fail the current test.\n\nThis behavior is configurable, and you can choose to turn this off by listening to the `uncaught:exception` event.\n\nhttps://on.cypress.io/uncaught-exception-from-application\n\nBecause this error occurred during a `before each` hook we are skipping the remaining tests in the current suite: `6 - Desenvolva uma tabela c...`\n    at handleclick (http://localhost:3000/static/js/main.chunk.js:282:14)\n    at HTMLUnknownElement.callCallback (http://localhost:3000/static/js/0.chunk.js:6269:18)\n    at Object.invokeGuardedCallbackDev (http://localhost:3000/static/js/0.chunk.js:6318:20)\n    at invokeGuardedCallback (http://localhost:3000/static/js/0.chunk.js:6371:35)\n    at invokeGuardedCallbackAndCatchFirstError (http://localhost:3000/static/js/0.chunk.js:6386:29)\n    at executeDispatch (http://localhost:3000/static/js/0.chunk.js:6471:7)\n    at executeDispatchesInOrder (http://localhost:3000/static/js/0.chunk.js:6496:9)\n    at executeDispatchesAndRelease (http://localhost:3000/static/js/0.chunk.js:9380:9)\n    at executeDispatchesAndReleaseTopLevel (http://localhost:3000/static/js/0.chunk.js:9389:14)\n    at forEachAccumulated (http://localhost:3000/static/js/0.chunk.js:9361:12)\n    at runEventsInBatch (http://localhost:3000/static/js/0.chunk.js:9406:7)\n    at runExtractedPluginEventsInBatch (http://localhost:3000/static/js/0.chunk.js:9616:7)\n    at handleTopLevel (http://localhost:3000/static/js/0.chunk.js:9660:9)\n    at batchedEventUpdates$1 (http://localhost:3000/static/js/0.chunk.js:27806:16)\n    at batchedEventUpdates (http://localhost:3000/static/js/0.chunk.js:6878:16)\n    at dispatchEventForLegacyPluginEventSystem (http://localhost:3000/static/js/0.chunk.js:9670:9)\n    at attemptToDispatchEvent (http://localhost:3000/static/js/0.chunk.js:10390:9)\n    at dispatchEvent (http://localhost:3000/static/js/0.chunk.js:10311:23)\n    at unstable_runWithPriority (http://localhost:3000/static/js/0.chunk.js:41822:16)\n    at runWithPriority$1 (http://localhost:3000/static/js/0.chunk.js:17156:14)\n    at discreteUpdates$1 (http://localhost:3000/static/js/0.chunk.js:27823:16)\n    at discreteUpdates (http://localhost:3000/static/js/0.chunk.js:6891:16)\n    at dispatchDiscreteEvent (http://localhost:3000/static/js/0.chunk.js:10290:7)",
                "diff": null
              },
              "uuid": "968efa37-b439-4660-9331-3d2ab081cc9f",
              "parentUUID": "1ed800a1-f308-411e-a5ea-2c949a9b3516",
              "isHook": false,
              "skipped": false
            }
          ],
          "suites": [],
          "passes": [],
          "failures": [
            "968efa37-b439-4660-9331-3d2ab081cc9f"
          ],
          "pending": [],
          "skipped": [],
          "duration": 1037,
          "root": false,
          "rootEmpty": false,
          "_timeout": 2000
        }
      ],
      "passes": [],
      "failures": [],
      "pending": [],
      "skipped": [],
      "duration": 0,
      "root": true,
      "rootEmpty": true,
      "_timeout": 2000
    }
  ],
  "meta": {
    "mocha": {
      "version": "7.0.1"
    },
    "mochawesome": {
      "options": {
        "quiet": false,
        "reportFilename": "mochawesome",
        "saveHtml": false,
        "saveJson": true,
        "consoleReporter": "spec",
        "useInlineDiffs": false,
        "code": true
      },
      "version": "7.1.3"
    },
    "marge": {
      "options": {
        "id": "default",
        "reportDir": "cypress/reports",
        "overwrite": false,
        "html": false,
        "json": true
      },
      "version": "6.2.0"
    }
  }
}