{
  "stats": {
    "suites": 1,
    "tests": 1,
    "passes": 0,
    "pending": 0,
    "failures": 1,
    "start": "2022-07-30T23:04:38.724Z",
    "end": "2022-07-30T23:04:39.381Z",
    "duration": 657,
    "testsRegistered": 1,
    "passPercent": 0,
    "pendingPercent": 0,
    "other": 0,
    "hasOther": false,
    "skipped": 0,
    "hasSkipped": false
  },
  "results": [
    {
      "uuid": "383a0005-8758-4506-95ef-f8cbb70e5faa",
      "title": "",
      "fullFile": "cypress/integration/06.ExpensesTable_spec.js",
      "file": "cypress/integration/06.ExpensesTable_spec.js",
      "beforeHooks": [],
      "afterHooks": [],
      "tests": [],
      "suites": [
        {
          "uuid": "07f24688-ae5d-4fde-9329-dbecac4971be",
          "title": "6 - Desenvolva uma tabela com os gastos contendo as seguintes características:",
          "fullFile": "",
          "file": "",
          "beforeHooks": [],
          "afterHooks": [],
          "tests": [
            {
              "title": "A tabela deve possuir um cabeçalho com os campos Descrição, Tag, Método de pagamento, Valor, Moeda, Câmbio utilizado, Valor convertido e Moeda de conversão",
              "fullTitle": "6 - Desenvolva uma tabela com os gastos contendo as seguintes características: A tabela deve possuir um cabeçalho com os campos Descrição, Tag, Método de pagamento, Valor, Moeda, Câmbio utilizado, Valor convertido e Moeda de conversão",
              "timedOut": null,
              "duration": 592,
              "state": "failed",
              "speed": null,
              "pass": false,
              "fail": true,
              "pending": false,
              "context": null,
              "code": "cy.get('th').should('have.length', _constants.tableHeaderList.length);\ncy.wrap(_constants.tableHeaderList).each(header => {\n  cy.get('th').contains(header);\n});",
              "err": {
                "message": "CypressError: `cy.visit()` failed trying to load:\n\nhttp://localhost:3000/\n\nWe attempted to make an http request to this URL but the request failed without a response.\n\nWe received this error at the network level:\n\n  > Error: connect ECONNREFUSED 127.0.0.1:3000\n\nCommon situations why this would fail:\n  - you don't have internet access\n  - you forgot to run / boot your web server\n  - your web server isn't accessible\n  - you have weird network configuration settings on your computer\n\nBecause this error occurred during a `before each` hook we are skipping the remaining tests in the current suite: `6 - Desenvolva uma tabela c...`",
                "estack": "CypressError: `cy.visit()` failed trying to load:\n\nhttp://localhost:3000/\n\nWe attempted to make an http request to this URL but the request failed without a response.\n\nWe received this error at the network level:\n\n  > Error: connect ECONNREFUSED 127.0.0.1:3000\n\nCommon situations why this would fail:\n  - you don't have internet access\n  - you forgot to run / boot your web server\n  - your web server isn't accessible\n  - you have weird network configuration settings on your computer\n\nBecause this error occurred during a `before each` hook we are skipping the remaining tests in the current suite: `6 - Desenvolva uma tabela c...`\n    at http://localhost:42077/__cypress/runner/cypress_runner.js:163608:82\n    at visitFailedByErr (http://localhost:42077/__cypress/runner/cypress_runner.js:162912:12)\n    at http://localhost:42077/__cypress/runner/cypress_runner.js:163607:11\n    at tryCatcher (http://localhost:42077/__cypress/runner/cypress_runner.js:13022:23)\n    at Promise._settlePromiseFromHandler (http://localhost:42077/__cypress/runner/cypress_runner.js:10957:31)\n    at Promise._settlePromise (http://localhost:42077/__cypress/runner/cypress_runner.js:11014:18)\n    at Promise._settlePromise0 (http://localhost:42077/__cypress/runner/cypress_runner.js:11059:10)\n    at Promise._settlePromises (http://localhost:42077/__cypress/runner/cypress_runner.js:11135:18)\n    at _drainQueueStep (http://localhost:42077/__cypress/runner/cypress_runner.js:7729:12)\n    at _drainQueue (http://localhost:42077/__cypress/runner/cypress_runner.js:7722:9)\n    at Async.../../node_modules/bluebird/js/release/async.js.Async._drainQueues (http://localhost:42077/__cypress/runner/cypress_runner.js:7738:5)\n    at Async.drainQueues (http://localhost:42077/__cypress/runner/cypress_runner.js:7608:14)\nFrom Your Spec Code:\n    at Context.eval (http://localhost:42077/__cypress/tests?p=cypress/integration/06.ExpensesTable_spec.js:128:8)\n\nFrom Node.js Internals:\n  Error: connect ECONNREFUSED 127.0.0.1:3000\n      at TCPConnectWrap.afterConnect [as oncomplete] (node:net:1161:16)\n  ",
                "diff": null
              },
              "uuid": "e6f47546-ced0-4ae9-a69d-756f1e24a240",
              "parentUUID": "07f24688-ae5d-4fde-9329-dbecac4971be",
              "isHook": false,
              "skipped": false
            }
          ],
          "suites": [],
          "passes": [],
          "failures": [
            "e6f47546-ced0-4ae9-a69d-756f1e24a240"
          ],
          "pending": [],
          "skipped": [],
          "duration": 592,
          "root": false,
          "rootEmpty": false,
          "_timeout": 2000
        }
      ],
      "passes": [],
      "failures": [],
      "pending": [],
      "skipped": [],
      "duration": 0,
      "root": true,
      "rootEmpty": true,
      "_timeout": 2000
    }
  ],
  "meta": {
    "mocha": {
      "version": "7.0.1"
    },
    "mochawesome": {
      "options": {
        "quiet": false,
        "reportFilename": "mochawesome",
        "saveHtml": false,
        "saveJson": true,
        "consoleReporter": "spec",
        "useInlineDiffs": false,
        "code": true
      },
      "version": "7.1.3"
    },
    "marge": {
      "options": {
        "id": "default",
        "reportDir": "cypress/reports",
        "overwrite": false,
        "html": false,
        "json": true
      },
      "version": "6.2.0"
    }
  }
}