{
  "stats": {
    "suites": 1,
    "tests": 1,
    "passes": 0,
    "pending": 0,
    "failures": 1,
    "start": "2022-07-30T23:04:40.601Z",
    "end": "2022-07-30T23:04:41.245Z",
    "duration": 644,
    "testsRegistered": 1,
    "passPercent": 0,
    "pendingPercent": 0,
    "other": 0,
    "hasOther": false,
    "skipped": 0,
    "hasSkipped": false
  },
  "results": [
    {
      "uuid": "7be08765-6647-4aff-95d8-199bfd962525",
      "title": "",
      "fullFile": "cypress/integration/07.ExpenseGlobalState_spec.js",
      "file": "cypress/integration/07.ExpenseGlobalState_spec.js",
      "beforeHooks": [],
      "afterHooks": [],
      "tests": [],
      "suites": [
        {
          "uuid": "21251d51-379c-4a88-8cf3-b02ba249b352",
          "title": "7 - Implemente a lógica para que a tabela seja alimentada pelo estado da aplicação",
          "fullFile": "",
          "file": "",
          "beforeHooks": [],
          "afterHooks": [],
          "tests": [
            {
              "title": "A tabela deve ser alimentada pelo estado da aplicação, que estará disponível na chave expenses que vem do reducer wallet.",
              "fullTitle": "7 - Implemente a lógica para que a tabela seja alimentada pelo estado da aplicação A tabela deve ser alimentada pelo estado da aplicação, que estará disponível na chave expenses que vem do reducer wallet.",
              "timedOut": null,
              "duration": 572,
              "state": "failed",
              "speed": null,
              "pass": false,
              "fail": true,
              "pending": false,
              "context": null,
              "code": "const expectedTableRows = [['Dez dólares', 'Trabalho', 'Cartão de débito', '10.00', 'Dólar Americano/Real Brasileiro', '4.75', '47.53', 'Real'], ['Cinco euros', 'Lazer', 'Cartão de crédito', '5.00', 'Euro/Real Brasileiro', '5.13', '25.63', 'Real']];\ncy.get('tbody tr').should('have.length', expectedTableRows.length);\ncy.get('tbody tr').each((row, index) => {\n  cy.wrap(expectedTableRows[index]).each(expectedValue => {\n    cy.get(row).find('td').contains(expectedValue);\n  });\n});",
              "err": {
                "message": "CypressError: `cy.visit()` failed trying to load:\n\nhttp://localhost:3000/\n\nWe attempted to make an http request to this URL but the request failed without a response.\n\nWe received this error at the network level:\n\n  > Error: connect ECONNREFUSED 127.0.0.1:3000\n\nCommon situations why this would fail:\n  - you don't have internet access\n  - you forgot to run / boot your web server\n  - your web server isn't accessible\n  - you have weird network configuration settings on your computer\n\nBecause this error occurred during a `before each` hook we are skipping the remaining tests in the current suite: `7 - Implemente a lógica par...`",
                "estack": "CypressError: `cy.visit()` failed trying to load:\n\nhttp://localhost:3000/\n\nWe attempted to make an http request to this URL but the request failed without a response.\n\nWe received this error at the network level:\n\n  > Error: connect ECONNREFUSED 127.0.0.1:3000\n\nCommon situations why this would fail:\n  - you don't have internet access\n  - you forgot to run / boot your web server\n  - your web server isn't accessible\n  - you have weird network configuration settings on your computer\n\nBecause this error occurred during a `before each` hook we are skipping the remaining tests in the current suite: `7 - Implemente a lógica par...`\n    at http://localhost:42077/__cypress/runner/cypress_runner.js:163608:82\n    at visitFailedByErr (http://localhost:42077/__cypress/runner/cypress_runner.js:162912:12)\n    at http://localhost:42077/__cypress/runner/cypress_runner.js:163607:11\n    at tryCatcher (http://localhost:42077/__cypress/runner/cypress_runner.js:13022:23)\n    at Promise._settlePromiseFromHandler (http://localhost:42077/__cypress/runner/cypress_runner.js:10957:31)\n    at Promise._settlePromise (http://localhost:42077/__cypress/runner/cypress_runner.js:11014:18)\n    at Promise._settlePromise0 (http://localhost:42077/__cypress/runner/cypress_runner.js:11059:10)\n    at Promise._settlePromises (http://localhost:42077/__cypress/runner/cypress_runner.js:11135:18)\n    at _drainQueueStep (http://localhost:42077/__cypress/runner/cypress_runner.js:7729:12)\n    at _drainQueue (http://localhost:42077/__cypress/runner/cypress_runner.js:7722:9)\n    at Async.../../node_modules/bluebird/js/release/async.js.Async._drainQueues (http://localhost:42077/__cypress/runner/cypress_runner.js:7738:5)\n    at Async.drainQueues (http://localhost:42077/__cypress/runner/cypress_runner.js:7608:14)\nFrom Your Spec Code:\n    at Context.eval (http://localhost:42077/__cypress/tests?p=cypress/integration/07.ExpenseGlobalState_spec.js:128:8)\n\nFrom Node.js Internals:\n  Error: connect ECONNREFUSED 127.0.0.1:3000\n      at TCPConnectWrap.afterConnect [as oncomplete] (node:net:1161:16)\n  ",
                "diff": null
              },
              "uuid": "37d598f8-7bce-4e8f-a8dd-83893acb5982",
              "parentUUID": "21251d51-379c-4a88-8cf3-b02ba249b352",
              "isHook": false,
              "skipped": false
            }
          ],
          "suites": [],
          "passes": [],
          "failures": [
            "37d598f8-7bce-4e8f-a8dd-83893acb5982"
          ],
          "pending": [],
          "skipped": [],
          "duration": 572,
          "root": false,
          "rootEmpty": false,
          "_timeout": 2000
        }
      ],
      "passes": [],
      "failures": [],
      "pending": [],
      "skipped": [],
      "duration": 0,
      "root": true,
      "rootEmpty": true,
      "_timeout": 2000
    }
  ],
  "meta": {
    "mocha": {
      "version": "7.0.1"
    },
    "mochawesome": {
      "options": {
        "quiet": false,
        "reportFilename": "mochawesome",
        "saveHtml": false,
        "saveJson": true,
        "consoleReporter": "spec",
        "useInlineDiffs": false,
        "code": true
      },
      "version": "7.1.3"
    },
    "marge": {
      "options": {
        "id": "default",
        "reportDir": "cypress/reports",
        "overwrite": false,
        "html": false,
        "json": true
      },
      "version": "6.2.0"
    }
  }
}